<?xml version="1.0" encoding="UTF-8"?>
<testsuite xmlns:xsi="http://www.w3.org/2001/XMLSchema-instance" xsi:noNamespaceSchemaLocation="https://maven.apache.org/surefire/maven-surefire-plugin/xsd/surefire-test-report.xsd" name="automation.cucumberOptions.TestRunner" time="33.135" tests="10" errors="0" skipped="0" failures="2">
  <properties>
[...]
</properties>
  <testcase name="User enters valid numbers as inputs for addition" classname="Addition Calculator" time="3.974"/>
  <testcase name="User enters valid numbers as inputs for addition" classname="Addition Calculator" time="2.327"/>
  <testcase name="User enters valid numbers as inputs for addition" classname="Addition Calculator" time="2.407"/>
  <testcase name="User enters valid numbers as inputs for addition" classname="Addition Calculator" time="2.209"/>
  <testcase name="User enters valid numbers as inputs for addition" classname="Addition Calculator" time="2.208"/>
  <testcase name="User enters valid numbers as inputs for addition" classname="Addition Calculator" time="2.974">
    <failure message="expected:&lt;0.98[00000000000001]&gt; but was:&lt;0.98[]&gt;" type="org.junit.ComparisonFailure"><![CDATA[org.junit.ComparisonFailure: expected:<0.98[00000000000001]> but was:<0.98[]>
]]></failure>
    <system-out><![CDATA[
  Background: User accesses calculator on browser # src/test/java/automation/features/AdditionCalculator.feature:3
    Given User is on Propine Addition Calculator  # AdditionCalculator.user_is_on_Propine_Addition_Calculator()

  @positive
  Scenario Outline: User enters valid numbers as inputs for addition       # src/test/java/automation/features/AdditionCalculator.feature:17
Element found by By.name: firstNumber. Hence returning element.
Element found by By.name: secondNumber. Hence returning element.
Element found by By.cssSelector: input.btn. Hence returning element.
Element found by By.cssSelector: input.btn. Hence returning element.
    When User enters First Number as "1.235" and Second Number as "-0.255" # AdditionCalculator.user_enters_First_Number_as_and_Second_Number_as(String,String)
Element found by By.xpath: //*[.='Results']/following-sibling::div. Hence returning element.
Expected : 0.98, Actual : 0.9800000000000001
    Then User should get addition result as "0.98"                         # AdditionCalculator.user_should_get_addition_result_as(String)
      org.junit.ComparisonFailure: expected:<0.98[00000000000001]> but was:<0.98[]>
	at org.junit.Assert.assertEquals(Assert.java:115)
	at org.junit.Assert.assertEquals(Assert.java:144)
	at automation.stepDefinitions.AdditionCalculator.user_should_get_addition_result_as(AdditionCalculator.java:34)
	at ?.User should get addition result as "0.98"(file:src/test/java/automation/features/AdditionCalculator.feature:9)

]]></system-out>
  </testcase>
  <testcase name="User enters valid numbers as inputs for addition" classname="Addition Calculator" time="2.989">
    <failure message="expected:&lt;-1.49[00000000000002]&gt; but was:&lt;-1.49[]&gt;" type="org.junit.ComparisonFailure"><![CDATA[org.junit.ComparisonFailure: expected:<-1.49[00000000000002]> but was:<-1.49[]>
]]></failure>
    <system-out><![CDATA[
  Background: User accesses calculator on browser # src/test/java/automation/features/AdditionCalculator.feature:3
    Given User is on Propine Addition Calculator  # AdditionCalculator.user_is_on_Propine_Addition_Calculator()

  @positive
  Scenario Outline: User enters valid numbers as inputs for addition        # src/test/java/automation/features/AdditionCalculator.feature:18
Element found by By.name: firstNumber. Hence returning element.
Element found by By.name: secondNumber. Hence returning element.
Element found by By.cssSelector: input.btn. Hence returning element.
Element found by By.cssSelector: input.btn. Hence returning element.
    When User enters First Number as "-1.235" and Second Number as "-0.255" # AdditionCalculator.user_enters_First_Number_as_and_Second_Number_as(String,String)
Element found by By.xpath: //*[.='Results']/following-sibling::div. Hence returning element.
Expected : -1.49, Actual : -1.4900000000000002
    Then User should get addition result as "-1.49"                         # AdditionCalculator.user_should_get_addition_result_as(String)
      org.junit.ComparisonFailure: expected:<-1.49[00000000000002]> but was:<-1.49[]>
	at org.junit.Assert.assertEquals(Assert.java:115)
	at org.junit.Assert.assertEquals(Assert.java:144)
	at automation.stepDefinitions.AdditionCalculator.user_should_get_addition_result_as(AdditionCalculator.java:34)
	at ?.User should get addition result as "-1.49"(file:src/test/java/automation/features/AdditionCalculator.feature:9)

]]></system-out>
  </testcase>
  <testcase name="User enters valid numbers as inputs for addition" classname="Addition Calculator" time="2.278"/>
  <testcase name="User enters valid numbers as inputs for addition" classname="Addition Calculator" time="2.503"/>
  <testcase name="User enters valid numbers as inputs for addition" classname="Addition Calculator" time="2.269"/>
</testsuite>